CALIBRATING	
Done.LOADING	C:\GitHub2\Labor-Echtzeitsysteme-v2\src\build\Task1_Debug\Labor-Echtzeitsysteme.elf
EMULATION	Probe - System; Root
EMULATION	Initial debug frequency set
EMULATION	Asserting reset

****************************************
************* CORE INFO ****************
**  (CORE INDEX:  0:CORE_CM33)
**
**  CPUID:        0x410FD214
**  PARTNO:       0xD21
**  VARIANT:      0x0
**  REVISION:     0x4
**
**  Detected:     Cortex-M33 r0p4
****************************************

EMULATION	Finished connecting to SoC
EMULATION	Releasing reset
EMULATION	Initialization script (if any) done
No RAM which needs initialization found
EMULATION	Final debug frequency set
EMULATION	SoC ID match OK
EMULATION	STARTED
PROGRAMMING 	21872 bytes
PROGRAMMING	ST STM32U5x (2048 kB Non-secure) (3 sectors)
EMULATION	END - Without cleanup
EMULATION	Initial debug frequency set
EMULATION	Asserting reset
EMULATION	Finished connecting to SoC
EMULATION	Releasing reset
EMULATION	Initialization script (if any) done
EMULATION	Final debug frequency set
EMULATION	SoC ID match OK
EMULATION	STARTED
EMULATION	END - Without cleanup
LOADING	C:\GitHub2\Labor-Echtzeitsysteme-v2\src\build\Task1_Debug\Labor-Echtzeitsysteme.elf
EMULATION	Probe - System; Root
EMULATION	Initial debug frequency set
EMULATION	Asserting reset
EMULATION	Finished connecting to SoC
EMULATION	Releasing reset
EMULATION	Initialization script (if any) done
No RAM which needs initialization found
EMULATION	Final debug frequency set
EMULATION	SoC ID match OK
EMULATION	STARTED
PROGRAMMING 	21936 bytes
PROGRAMMING	ST STM32U5x (2048 kB Non-secure) (3 sectors)
EMULATION	END - Without cleanup
EMULATION	Initial debug frequency set
EMULATION	Asserting reset
EMULATION	Finished connecting to SoC
EMULATION	Releasing reset
EMULATION	Initialization script (if any) done
EMULATION	Final debug frequency set
EMULATION	SoC ID match OK
EMULATION	STARTED
EMULATION	END - Without cleanup
LOADING	C:\GitHub2\Labor-Echtzeitsysteme-v2\src\build\Task1_Debug\Labor-Echtzeitsysteme.elf
EMULATION	Probe - System; Root
EMULATION	Initial debug frequency set
EMULATION	Asserting reset
EMULATION	Finished connecting to SoC
EMULATION	Releasing reset
EMULATION	Initialization script (if any) done
No RAM which needs initialization found
EMULATION	Final debug frequency set
EMULATION	SoC ID match OK
EMULATION	STARTED
PROGRAMMING 	29184 bytes
PROGRAMMING	ST STM32U5x (2048 kB Non-secure) (4 sectors)
EMULATION	END - Without cleanup
EMULATION	Initial debug frequency set
EMULATION	Asserting reset
EMULATION	Finished connecting to SoC
EMULATION	Releasing reset
EMULATION	Initialization script (if any) done
EMULATION	Final debug frequency set
EMULATION	SoC ID match OK
EMULATION	STARTED
EMULATION	END - Without cleanup
CALIBRATING	
Done.LOADING	C:\GitHub2\Labor-Echtzeitsysteme-v2\src\build\Task4_Debug\Labor-Echtzeitsysteme.elf
EMULATION	Probe - System; Root
EMULATION	Initial debug frequency set
EMULATION	Asserting reset

****************************************
************* CORE INFO ****************
**  (CORE INDEX:  0:CORE_CM33)
**
**  CPUID:        0x410FD214
**  PARTNO:       0xD21
**  VARIANT:      0x0
**  REVISION:     0x4
**
**  Detected:     Cortex-M33 r0p4
****************************************

EMULATION	Finished connecting to SoC
EMULATION	Releasing reset
EMULATION	Initialization script (if any) done
No RAM which needs initialization found
EMULATION	Final debug frequency set
EMULATION	SoC ID match OK
EMULATION	STARTED
PROGRAMMING 	25928 bytes
PROGRAMMING	ST STM32U5x (2048 kB Non-secure) (4 sectors)
EMULATION	END - Without cleanup
EMULATION	Initial debug frequency set
EMULATION	Asserting reset
EMULATION	Finished connecting to SoC
EMULATION	Releasing reset
EMULATION	Initialization script (if any) done
EMULATION	Final debug frequency set
EMULATION	SoC ID match OK
EMULATION	STARTED
EMULATION	END - Without cleanup
LOADING	C:\GitHub2\Labor-Echtzeitsysteme-v2\src\build\Task4_Debug\Labor-Echtzeitsysteme.elf
EMULATION	Probe - System; Root
EMULATION	Initial debug frequency set
EMULATION	Asserting reset
EMULATION	Finished connecting to SoC
EMULATION	Releasing reset
EMULATION	Initialization script (if any) done
No RAM which needs initialization found
EMULATION	Final debug frequency set
EMULATION	SoC ID match OK
EMULATION	STARTED
PROGRAMMING 	25928 bytes
PROGRAMMING	ST STM32U5x (2048 kB Non-secure) (4 sectors)
EMULATION	END - Without cleanup
EMULATION	Initial debug frequency set
EMULATION	Asserting reset
EMULATION	Finished connecting to SoC
EMULATION	Releasing reset
EMULATION	Initialization script (if any) done
EMULATION	Final debug frequency set
EMULATION	SoC ID match OK
EMULATION	STARTED
EMULATION	END - Without cleanup
LOADING	C:\GitHub2\Labor-Echtzeitsysteme-v2\src\build\Task4_Debug\Labor-Echtzeitsysteme.elf
EMULATION	Probe - System; Root
EMULATION	Initial debug frequency set
EMULATION	Asserting reset
EMULATION	Finished connecting to SoC
EMULATION	Releasing reset
EMULATION	Initialization script (if any) done
No RAM which needs initialization found
EMULATION	Final debug frequency set
EMULATION	SoC ID match OK
EMULATION	STARTED
PROGRAMMING 	25960 bytes
PROGRAMMING	ST STM32U5x (2048 kB Non-secure) (4 sectors)
EMULATION	END - Without cleanup
EMULATION	Initial debug frequency set
EMULATION	Asserting reset
EMULATION	Finished connecting to SoC
EMULATION	Releasing reset
EMULATION	Initialization script (if any) done
EMULATION	Final debug frequency set
EMULATION	SoC ID match OK
EMULATION	STARTED
EMULATION	END - Without cleanup
LOADING	C:\GitHub2\Labor-Echtzeitsysteme-v2\src\build\Task4_Debug\Labor-Echtzeitsysteme.elf
EMULATION	Probe - System; Root
EMULATION	Initial debug frequency set
EMULATION	Asserting reset
EMULATION	Finished connecting to SoC
EMULATION	Releasing reset
EMULATION	Initialization script (if any) done
No RAM which needs initialization found
EMULATION	Final debug frequency set
EMULATION	SoC ID match OK
EMULATION	STARTED
PROGRAMMING 	25928 bytes
PROGRAMMING	ST STM32U5x (2048 kB Non-secure) (4 sectors)
EMULATION	END - Without cleanup
EMULATION	Initial debug frequency set
EMULATION	Asserting reset
EMULATION	Finished connecting to SoC
EMULATION	Releasing reset
EMULATION	Initialization script (if any) done
EMULATION	Final debug frequency set
EMULATION	SoC ID match OK
EMULATION	STARTED
EMULATION	END - Without cleanup
EMULATION	Initial debug frequency set
EMULATION	Asserting reset
EMULATION	Finished connecting to SoC
EMULATION	Releasing reset
EMULATION	Initialization script (if any) done
EMULATION	Final debug frequency set
EMULATION	SoC ID match OK
EMULATION	STARTED
EMULATION	END - Without cleanup
EMULATION	Initial debug frequency set
EMULATION	Asserting reset
EMULATION	Finished connecting to SoC
EMULATION	Releasing reset
EMULATION	Initialization script (if any) done
EMULATION	Final debug frequency set
EMULATION	SoC ID match OK
EMULATION	STARTED
EMULATION	END - Without cleanup
LOADING	C:\GitHub2\Labor-Echtzeitsysteme-v2\src\build\Task4_Debug\Labor-Echtzeitsysteme.elf
EMULATION	Probe - System; Root
EMULATION	Initial debug frequency set
EMULATION	Asserting reset
EMULATION	Finished connecting to SoC
EMULATION	Releasing reset
EMULATION	Initialization script (if any) done
No RAM which needs initialization found
EMULATION	Final debug frequency set
EMULATION	SoC ID match OK
EMULATION	STARTED
PROGRAMMING 	26152 bytes
PROGRAMMING	ST STM32U5x (2048 kB Non-secure) (4 sectors)
EMULATION	END - Without cleanup
EMULATION	Initial debug frequency set
EMULATION	Asserting reset
EMULATION	Finished connecting to SoC
EMULATION	Releasing reset
EMULATION	Initialization script (if any) done
EMULATION	Final debug frequency set
EMULATION	SoC ID match OK
EMULATION	STARTED
EMULATION	END - Without cleanup
LOADING	C:\GitHub2\Labor-Echtzeitsysteme-v2\src\build\Task4_Debug\Labor-Echtzeitsysteme.elf
EMULATION	Probe - System; Root
EMULATION	Initial debug frequency set
EMULATION	Asserting reset
EMULATION	Finished connecting to SoC
EMULATION	Releasing reset
EMULATION	Initialization script (if any) done
No RAM which needs initialization found
EMULATION	Final debug frequency set
EMULATION	SoC ID match OK
EMULATION	STARTED
PROGRAMMING 	26184 bytes
PROGRAMMING	ST STM32U5x (2048 kB Non-secure) (4 sectors)
EMULATION	END - Without cleanup
EMULATION	Initial debug frequency set
EMULATION	Asserting reset
EMULATION	Finished connecting to SoC
EMULATION	Releasing reset
EMULATION	Initialization script (if any) done
EMULATION	Final debug frequency set
EMULATION	SoC ID match OK
EMULATION	STARTED
